  main.cpp
  ofApp.cpp
  ofAppDraw.cpp
  ofAppInput.cpp
  ofAppUpdate.cpp
  slData.cpp
  slFlock.cpp
  slScanLine.cpp
  slSourceImage.cpp
e:\code\of\of_v0.10.1_vs2017_release\libs\openframeworks\math\ofmatrix4x4.h(326): warning C4267: 'argument': conversion from 'size_t' to 'int', possible loss of data (compiling source file src\ofAppInput.cpp)
e:\code\of\of_v0.10.1_vs2017_release\libs\openframeworks\math\ofmatrix4x4.h(331): warning C4267: 'argument': conversion from 'size_t' to 'int', possible loss of data (compiling source file src\ofAppInput.cpp)
e:\code\of\of_v0.10.1_vs2017_release\libs\openframeworks\math\ofmatrix4x4.h(912): warning C4267: 'argument': conversion from 'size_t' to 'int', possible loss of data (compiling source file src\ofAppInput.cpp)
e:\code\of\of_v0.10.1_vs2017_release\libs\openframeworks\math\ofmatrix4x4.h(913): warning C4267: 'argument': conversion from 'size_t' to 'int', possible loss of data (compiling source file src\ofAppInput.cpp)
e:\code\of\of_v0.10.1_vs2017_release\libs\openframeworks\math\ofmatrix4x4.h(914): warning C4267: 'argument': conversion from 'size_t' to 'int', possible loss of data (compiling source file src\ofAppInput.cpp)
e:\code\of\of_v0.10.1_vs2017_release\libs\openframeworks\math\ofmatrix4x4.h(915): warning C4267: 'argument': conversion from 'size_t' to 'int', possible loss of data (compiling source file src\ofAppInput.cpp)
e:\code\of\of_v0.10.1_vs2017_release\libs\openframeworks\math\ofmatrix4x4.h(326): warning C4267: 'argument': conversion from 'size_t' to 'int', possible loss of data (compiling source file src\slData.cpp)
e:\code\of\of_v0.10.1_vs2017_release\libs\openframeworks\math\ofmatrix4x4.h(331): warning C4267: 'argument': conversion from 'size_t' to 'int', possible loss of data (compiling source file src\slData.cpp)
e:\code\of\of_v0.10.1_vs2017_release\libs\openframeworks\math\ofmatrix4x4.h(912): warning C4267: 'argument': conversion from 'size_t' to 'int', possible loss of data (compiling source file src\slData.cpp)
e:\code\of\of_v0.10.1_vs2017_release\libs\openframeworks\math\ofmatrix4x4.h(913): warning C4267: 'argument': conversion from 'size_t' to 'int', possible loss of data (compiling source file src\slData.cpp)
e:\code\of\of_v0.10.1_vs2017_release\libs\openframeworks\math\ofmatrix4x4.h(914): warning C4267: 'argument': conversion from 'size_t' to 'int', possible loss of data (compiling source file src\slData.cpp)
e:\code\of\of_v0.10.1_vs2017_release\libs\openframeworks\math\ofmatrix4x4.h(915): warning C4267: 'argument': conversion from 'size_t' to 'int', possible loss of data (compiling source file src\slData.cpp)
e:\code\of\of_v0.10.1_vs2017_release\libs\openframeworks\math\ofmatrix4x4.h(326): warning C4267: 'argument': conversion from 'size_t' to 'int', possible loss of data (compiling source file src\slScanLine.cpp)
e:\code\of\of_v0.10.1_vs2017_release\libs\openframeworks\math\ofmatrix4x4.h(331): warning C4267: 'argument': conversion from 'size_t' to 'int', possible loss of data (compiling source file src\slScanLine.cpp)
e:\code\of\of_v0.10.1_vs2017_release\libs\openframeworks\math\ofmatrix4x4.h(912): warning C4267: 'argument': conversion from 'size_t' to 'int', possible loss of data (compiling source file src\slScanLine.cpp)
e:\code\of\of_v0.10.1_vs2017_release\libs\openframeworks\math\ofmatrix4x4.h(913): warning C4267: 'argument': conversion from 'size_t' to 'int', possible loss of data (compiling source file src\slScanLine.cpp)
e:\code\of\of_v0.10.1_vs2017_release\libs\openframeworks\math\ofmatrix4x4.h(914): warning C4267: 'argument': conversion from 'size_t' to 'int', possible loss of data (compiling source file src\slScanLine.cpp)
e:\code\of\of_v0.10.1_vs2017_release\libs\openframeworks\math\ofmatrix4x4.h(915): warning C4267: 'argument': conversion from 'size_t' to 'int', possible loss of data (compiling source file src\slScanLine.cpp)
e:\code\of\of_v0.10.1_vs2017_release\libs\openframeworks\math\ofmatrix4x4.h(326): warning C4267: 'argument': conversion from 'size_t' to 'int', possible loss of data (compiling source file src\main.cpp)
e:\code\of\of_v0.10.1_vs2017_release\libs\openframeworks\math\ofmatrix4x4.h(331): warning C4267: 'argument': conversion from 'size_t' to 'int', possible loss of data (compiling source file src\main.cpp)
e:\code\of\of_v0.10.1_vs2017_release\libs\openframeworks\math\ofmatrix4x4.h(912): warning C4267: 'argument': conversion from 'size_t' to 'int', possible loss of data (compiling source file src\main.cpp)
e:\code\of\of_v0.10.1_vs2017_release\libs\openframeworks\math\ofmatrix4x4.h(913): warning C4267: 'argument': conversion from 'size_t' to 'int', possible loss of data (compiling source file src\main.cpp)
e:\code\of\of_v0.10.1_vs2017_release\libs\openframeworks\math\ofmatrix4x4.h(914): warning C4267: 'argument': conversion from 'size_t' to 'int', possible loss of data (compiling source file src\main.cpp)
e:\code\of\of_v0.10.1_vs2017_release\libs\openframeworks\math\ofmatrix4x4.h(915): warning C4267: 'argument': conversion from 'size_t' to 'int', possible loss of data (compiling source file src\main.cpp)
e:\code\of\of_v0.10.1_vs2017_release\libs\openframeworks\math\ofmatrix4x4.h(326): warning C4267: 'argument': conversion from 'size_t' to 'int', possible loss of data (compiling source file src\slSourceImage.cpp)
e:\code\of\of_v0.10.1_vs2017_release\libs\openframeworks\math\ofmatrix4x4.h(331): warning C4267: 'argument': conversion from 'size_t' to 'int', possible loss of data (compiling source file src\slSourceImage.cpp)
e:\code\of\of_v0.10.1_vs2017_release\libs\openframeworks\math\ofmatrix4x4.h(326): warning C4267: 'argument': conversion from 'size_t' to 'int', possible loss of data (compiling source file src\slFlock.cpp)
e:\code\of\of_v0.10.1_vs2017_release\libs\openframeworks\math\ofmatrix4x4.h(331): warning C4267: 'argument': conversion from 'size_t' to 'int', possible loss of data (compiling source file src\slFlock.cpp)
e:\code\of\of_v0.10.1_vs2017_release\libs\openframeworks\math\ofmatrix4x4.h(912): warning C4267: 'argument': conversion from 'size_t' to 'int', possible loss of data (compiling source file src\slSourceImage.cpp)
e:\code\of\of_v0.10.1_vs2017_release\libs\openframeworks\math\ofmatrix4x4.h(913): warning C4267: 'argument': conversion from 'size_t' to 'int', possible loss of data (compiling source file src\slSourceImage.cpp)
e:\code\of\of_v0.10.1_vs2017_release\libs\openframeworks\math\ofmatrix4x4.h(914): warning C4267: 'argument': conversion from 'size_t' to 'int', possible loss of data (compiling source file src\slSourceImage.cpp)
e:\code\of\of_v0.10.1_vs2017_release\libs\openframeworks\math\ofmatrix4x4.h(915): warning C4267: 'argument': conversion from 'size_t' to 'int', possible loss of data (compiling source file src\slSourceImage.cpp)
e:\code\of\of_v0.10.1_vs2017_release\libs\openframeworks\math\ofmatrix4x4.h(912): warning C4267: 'argument': conversion from 'size_t' to 'int', possible loss of data (compiling source file src\slFlock.cpp)
e:\code\of\of_v0.10.1_vs2017_release\libs\openframeworks\math\ofmatrix4x4.h(913): warning C4267: 'argument': conversion from 'size_t' to 'int', possible loss of data (compiling source file src\slFlock.cpp)
e:\code\of\of_v0.10.1_vs2017_release\libs\openframeworks\math\ofmatrix4x4.h(914): warning C4267: 'argument': conversion from 'size_t' to 'int', possible loss of data (compiling source file src\slFlock.cpp)
e:\code\of\of_v0.10.1_vs2017_release\libs\openframeworks\math\ofmatrix4x4.h(915): warning C4267: 'argument': conversion from 'size_t' to 'int', possible loss of data (compiling source file src\slFlock.cpp)
e:\code\of\of_v0.10.1_vs2017_release\libs\openframeworks\math\ofmatrix4x4.h(326): warning C4267: 'argument': conversion from 'size_t' to 'int', possible loss of data (compiling source file src\ofAppDraw.cpp)
e:\code\of\of_v0.10.1_vs2017_release\libs\openframeworks\math\ofmatrix4x4.h(331): warning C4267: 'argument': conversion from 'size_t' to 'int', possible loss of data (compiling source file src\ofAppDraw.cpp)
e:\code\of\of_v0.10.1_vs2017_release\libs\openframeworks\math\ofmatrix4x4.h(912): warning C4267: 'argument': conversion from 'size_t' to 'int', possible loss of data (compiling source file src\ofAppDraw.cpp)
e:\code\of\of_v0.10.1_vs2017_release\libs\openframeworks\math\ofmatrix4x4.h(913): warning C4267: 'argument': conversion from 'size_t' to 'int', possible loss of data (compiling source file src\ofAppDraw.cpp)
e:\code\of\of_v0.10.1_vs2017_release\libs\openframeworks\math\ofmatrix4x4.h(914): warning C4267: 'argument': conversion from 'size_t' to 'int', possible loss of data (compiling source file src\ofAppDraw.cpp)
e:\code\of\of_v0.10.1_vs2017_release\libs\openframeworks\math\ofmatrix4x4.h(915): warning C4267: 'argument': conversion from 'size_t' to 'int', possible loss of data (compiling source file src\ofAppDraw.cpp)
e:\code\of\of_v0.10.1_vs2017_release\libs\openframeworks\math\ofmatrix4x4.h(326): warning C4267: 'argument': conversion from 'size_t' to 'int', possible loss of data (compiling source file src\ofAppUpdate.cpp)
e:\code\of\of_v0.10.1_vs2017_release\libs\openframeworks\math\ofmatrix4x4.h(331): warning C4267: 'argument': conversion from 'size_t' to 'int', possible loss of data (compiling source file src\ofAppUpdate.cpp)
e:\code\of\of_v0.10.1_vs2017_release\libs\openframeworks\math\ofmatrix4x4.h(326): warning C4267: 'argument': conversion from 'size_t' to 'int', possible loss of data (compiling source file src\ofApp.cpp)
e:\code\of\of_v0.10.1_vs2017_release\libs\openframeworks\math\ofmatrix4x4.h(331): warning C4267: 'argument': conversion from 'size_t' to 'int', possible loss of data (compiling source file src\ofApp.cpp)
e:\code\of\of_v0.10.1_vs2017_release\libs\openframeworks\math\ofmatrix4x4.h(912): warning C4267: 'argument': conversion from 'size_t' to 'int', possible loss of data (compiling source file src\ofAppUpdate.cpp)
e:\code\of\of_v0.10.1_vs2017_release\libs\openframeworks\math\ofmatrix4x4.h(913): warning C4267: 'argument': conversion from 'size_t' to 'int', possible loss of data (compiling source file src\ofAppUpdate.cpp)
e:\code\of\of_v0.10.1_vs2017_release\libs\openframeworks\math\ofmatrix4x4.h(914): warning C4267: 'argument': conversion from 'size_t' to 'int', possible loss of data (compiling source file src\ofAppUpdate.cpp)
e:\code\of\of_v0.10.1_vs2017_release\libs\openframeworks\math\ofmatrix4x4.h(915): warning C4267: 'argument': conversion from 'size_t' to 'int', possible loss of data (compiling source file src\ofAppUpdate.cpp)
e:\code\of\of_v0.10.1_vs2017_release\libs\openframeworks\math\ofmatrix4x4.h(912): warning C4267: 'argument': conversion from 'size_t' to 'int', possible loss of data (compiling source file src\ofApp.cpp)
e:\code\of\of_v0.10.1_vs2017_release\libs\openframeworks\math\ofmatrix4x4.h(913): warning C4267: 'argument': conversion from 'size_t' to 'int', possible loss of data (compiling source file src\ofApp.cpp)
e:\code\of\of_v0.10.1_vs2017_release\libs\openframeworks\math\ofmatrix4x4.h(914): warning C4267: 'argument': conversion from 'size_t' to 'int', possible loss of data (compiling source file src\ofApp.cpp)
e:\code\of\of_v0.10.1_vs2017_release\libs\openframeworks\math\ofmatrix4x4.h(915): warning C4267: 'argument': conversion from 'size_t' to 'int', possible loss of data (compiling source file src\ofApp.cpp)
e:\code\of\of_v0.10.1_vs2017_release\addons\ofxboids\src\attractionpoint2d.h(50): warning C4996: 'ofRect': Use ofDrawRectangle instead (compiling source file src\slFlock.cpp)
  e:\code\of\of_v0.10.1_vs2017_release\libs\openframeworks\graphics\ofgraphics.h(512): note: see declaration of 'ofRect' (compiling source file src\slFlock.cpp)
e:\code\of\of_v0.10.1_vs2017_release\addons\ofxboids\src\attractionpoint2d.h(51): warning C4996: 'ofRect': Use ofDrawRectangle instead (compiling source file src\slFlock.cpp)
  e:\code\of\of_v0.10.1_vs2017_release\libs\openframeworks\graphics\ofgraphics.h(512): note: see declaration of 'ofRect' (compiling source file src\slFlock.cpp)
e:\code\of\of_v0.10.1_vs2017_release\addons\ofxboids\src\flock2d.h(305): warning C4267: 'initializing': conversion from 'size_t' to 'int', possible loss of data (compiling source file src\slFlock.cpp)
e:\code\of\of_v0.10.1_vs2017_release\addons\ofxboids\src\flock2d.h(330): warning C4267: 'return': conversion from 'size_t' to 'int', possible loss of data (compiling source file src\slFlock.cpp)
e:\code\of\of_v0.10.1_vs2017_release\addons\ofxboids\src\attractionpoint2d.h(50): warning C4996: 'ofRect': Use ofDrawRectangle instead (compiling source file src\slScanLine.cpp)
  e:\code\of\of_v0.10.1_vs2017_release\libs\openframeworks\graphics\ofgraphics.h(512): note: see declaration of 'ofRect' (compiling source file src\slScanLine.cpp)
e:\code\of\of_v0.10.1_vs2017_release\addons\ofxboids\src\attractionpoint2d.h(51): warning C4996: 'ofRect': Use ofDrawRectangle instead (compiling source file src\slScanLine.cpp)
  e:\code\of\of_v0.10.1_vs2017_release\libs\openframeworks\graphics\ofgraphics.h(512): note: see declaration of 'ofRect' (compiling source file src\slScanLine.cpp)
e:\code\of\of_v0.10.1_vs2017_release\addons\ofxboids\src\flock2d.h(305): warning C4267: 'initializing': conversion from 'size_t' to 'int', possible loss of data (compiling source file src\slScanLine.cpp)
e:\code\of\of_v0.10.1_vs2017_release\addons\ofxboids\src\flock2d.h(330): warning C4267: 'return': conversion from 'size_t' to 'int', possible loss of data (compiling source file src\slScanLine.cpp)
e:\code\of\of_v0.10.1_vs2017_release\addons\ofxboids\src\attractionpoint2d.h(50): warning C4996: 'ofRect': Use ofDrawRectangle instead (compiling source file src\slData.cpp)
  e:\code\of\of_v0.10.1_vs2017_release\libs\openframeworks\graphics\ofgraphics.h(512): note: see declaration of 'ofRect' (compiling source file src\slData.cpp)
e:\code\of\of_v0.10.1_vs2017_release\addons\ofxboids\src\attractionpoint2d.h(51): warning C4996: 'ofRect': Use ofDrawRectangle instead (compiling source file src\slData.cpp)
  e:\code\of\of_v0.10.1_vs2017_release\libs\openframeworks\graphics\ofgraphics.h(512): note: see declaration of 'ofRect' (compiling source file src\slData.cpp)
e:\code\of\of_v0.10.1_vs2017_release\addons\ofxboids\src\flock2d.h(305): warning C4267: 'initializing': conversion from 'size_t' to 'int', possible loss of data (compiling source file src\slData.cpp)
e:\code\of\of_v0.10.1_vs2017_release\addons\ofxboids\src\flock2d.h(330): warning C4267: 'return': conversion from 'size_t' to 'int', possible loss of data (compiling source file src\slData.cpp)
e:\code\of\of_v0.10.1_vs2017_release\addons\ofxboids\src\attractionpoint2d.h(50): warning C4996: 'ofRect': Use ofDrawRectangle instead (compiling source file src\ofAppInput.cpp)
  e:\code\of\of_v0.10.1_vs2017_release\libs\openframeworks\graphics\ofgraphics.h(512): note: see declaration of 'ofRect' (compiling source file src\ofAppInput.cpp)
e:\code\of\of_v0.10.1_vs2017_release\addons\ofxboids\src\attractionpoint2d.h(51): warning C4996: 'ofRect': Use ofDrawRectangle instead (compiling source file src\ofAppInput.cpp)
  e:\code\of\of_v0.10.1_vs2017_release\libs\openframeworks\graphics\ofgraphics.h(512): note: see declaration of 'ofRect' (compiling source file src\ofAppInput.cpp)
e:\code\of\of_v0.10.1_vs2017_release\addons\ofxboids\src\attractionpoint2d.h(50): warning C4996: 'ofRect': Use ofDrawRectangle instead (compiling source file src\main.cpp)
e:\code\of\of_v0.10.1_vs2017_release\apps\myapps\scanline\src\slsourceimage.cpp(10): warning C4996: 'ofPixels_<unsigned char>::getPixels': Use getData insteade:\code\of\of_v0.10.1_vs2017_release\libs\openframeworks\graphics\ofgraphics.h(512): note: see declaration of 'ofRect' (compiling source file src\main.cpp)
e:\code\of\of_v0.10.1_vs2017_release\addons\ofxboids\src\attractionpoint2d.h(51): warning C4996: 'ofRect': Use ofDrawRectangle instead (compiling source file src\main.cpp)
  
  e:\code\of\of_v0.10.1_vs2017_release\libs\openframeworks\graphics\ofpixels.h(312): note: see declaration of 'ofPixels_<unsigned char>::getPixels'
  e:\code\of\of_v0.10.1_vs2017_release\libs\openframeworks\graphics\ofgraphics.h(512): note: see declaration of 'ofRect' (compiling source file src\main.cpp)
e:\code\of\of_v0.10.1_vs2017_release\addons\ofxboids\src\flock2d.h(305): warning C4267: 'initializing': conversion from 'size_t' to 'int', possible loss of data (compiling source file src\ofAppInput.cpp)
e:\code\of\of_v0.10.1_vs2017_release\addons\ofxboids\src\flock2d.h(330): warning C4267: 'return': conversion from 'size_t' to 'int', possible loss of data (compiling source file src\ofAppInput.cpp)
e:\code\of\of_v0.10.1_vs2017_release\addons\ofxboids\src\flock2d.h(305): warning C4267: 'initializing': conversion from 'size_t' to 'int', possible loss of data (compiling source file src\main.cpp)
e:\code\of\of_v0.10.1_vs2017_release\addons\ofxboids\src\flock2d.h(330): warning C4267: 'return': conversion from 'size_t' to 'int', possible loss of data (compiling source file src\main.cpp)
e:\code\of\of_v0.10.1_vs2017_release\addons\ofxboids\src\attractionpoint2d.h(50): warning C4996: 'ofRect': Use ofDrawRectangle instead (compiling source file src\ofAppDraw.cpp)
  e:\code\of\of_v0.10.1_vs2017_release\libs\openframeworks\graphics\ofgraphics.h(512): note: see declaration of 'ofRect' (compiling source file src\ofAppDraw.cpp)
e:\code\of\of_v0.10.1_vs2017_release\addons\ofxboids\src\attractionpoint2d.h(51): warning C4996: 'ofRect': Use ofDrawRectangle instead (compiling source file src\ofAppDraw.cpp)
  e:\code\of\of_v0.10.1_vs2017_release\libs\openframeworks\graphics\ofgraphics.h(512): note: see declaration of 'ofRect' (compiling source file src\ofAppDraw.cpp)
e:\code\of\of_v0.10.1_vs2017_release\addons\ofxboids\src\flock2d.h(305): warning C4267: 'initializing': conversion from 'size_t' to 'int', possible loss of data (compiling source file src\ofAppDraw.cpp)
e:\code\of\of_v0.10.1_vs2017_release\addons\ofxboids\src\flock2d.h(330): warning C4267: 'return': conversion from 'size_t' to 'int', possible loss of data (compiling source file src\ofAppDraw.cpp)
e:\code\of\of_v0.10.1_vs2017_release\addons\ofxboids\src\attractionpoint2d.h(50): warning C4996: 'ofRect': Use ofDrawRectangle instead (compiling source file src\ofApp.cpp)
  e:\code\of\of_v0.10.1_vs2017_release\libs\openframeworks\graphics\ofgraphics.h(512): note: see declaration of 'ofRect' (compiling source file src\ofApp.cpp)
e:\code\of\of_v0.10.1_vs2017_release\addons\ofxboids\src\attractionpoint2d.h(51): warning C4996: 'ofRect': Use ofDrawRectangle instead (compiling source file src\ofApp.cpp)
  e:\code\of\of_v0.10.1_vs2017_release\libs\openframeworks\graphics\ofgraphics.h(512): note: see declaration of 'ofRect' (compiling source file src\ofApp.cpp)
e:\code\of\of_v0.10.1_vs2017_release\addons\ofxboids\src\flock2d.h(305): warning C4267: 'initializing': conversion from 'size_t' to 'int', possible loss of data (compiling source file src\ofApp.cpp)
e:\code\of\of_v0.10.1_vs2017_release\addons\ofxboids\src\flock2d.h(330): warning C4267: 'return': conversion from 'size_t' to 'int', possible loss of data (compiling source file src\ofApp.cpp)
e:\code\of\of_v0.10.1_vs2017_release\addons\ofxboids\src\attractionpoint2d.h(50): warning C4996: 'ofRect': Use ofDrawRectangle instead (compiling source file src\ofAppUpdate.cpp)
  e:\code\of\of_v0.10.1_vs2017_release\libs\openframeworks\graphics\ofgraphics.h(512): note: see declaration of 'ofRect' (compiling source file src\ofAppUpdate.cpp)
e:\code\of\of_v0.10.1_vs2017_release\addons\ofxboids\src\attractionpoint2d.h(51): warning C4996: 'ofRect': Use ofDrawRectangle instead (compiling source file src\ofAppUpdate.cpp)
  e:\code\of\of_v0.10.1_vs2017_release\libs\openframeworks\graphics\ofgraphics.h(512): note: see declaration of 'ofRect' (compiling source file src\ofAppUpdate.cpp)
e:\code\of\of_v0.10.1_vs2017_release\addons\ofxboids\src\flock2d.h(305): warning C4267: 'initializing': conversion from 'size_t' to 'int', possible loss of data (compiling source file src\ofAppUpdate.cpp)
e:\code\of\of_v0.10.1_vs2017_release\addons\ofxboids\src\flock2d.h(330): warning C4267: 'return': conversion from 'size_t' to 'int', possible loss of data (compiling source file src\ofAppUpdate.cpp)
  svgtiny.lib(svgtiny.obj) : MSIL .netmodule or module compiled with /GL found; restarting link with /LTCG; add /LTCG to the link command line to improve linker performance
LINK : warning LNK4075: ignoring '/INCREMENTAL' due to '/LTCG' specification
     Creating library bin\scanline_debug.lib and object bin\scanline_debug.exp
  Generating code
  Finished generating code
  scanline.vcxproj -> E:\code\of\of_v0.10.1_vs2017_release\apps\myApps\scanline\bin\scanline_debug.exe
  
  	                   2	E:\code\of\of_v0.10.1_vs2017_release\libs\fmodex\lib\vs\x64\
  	  *EXTRA File 		 6942208	E:\code\of\of_v0.10.1_vs2017_release\apps\myApps\scanline\bin\FreeImage.dll
  
  	                   1	E:\code\of\of_v0.10.1_vs2017_release\libs\FreeImage\lib\vs\x64\
  	  *EXTRA File 		 1503232	E:\code\of\of_v0.10.1_vs2017_release\apps\myApps\scanline\bin\fmodex64.dll
  	  *EXTRA File 		 1552384	E:\code\of\of_v0.10.1_vs2017_release\apps\myApps\scanline\bin\fmodexL64.dll
